# JRE version: Java(TM) SE Runtime Environment (8.0_05-b13) (build 1.8.0_05-b13)
# Java VM: Java HotSpot(TM) 64-Bit Server VM (25.5-b02 mixed mode windows-amd64 compressed oops)
Heap:
 def new generation   total 1152K, used 864K [0x00000000a2400000, 0x00000000a2540000, 0x00000000c1800000)
  eden space 1024K,  79% used [0x00000000a2400000, 0x00000000a24caa28, 0x00000000a2500000)
  from space 128K,  42% used [0x00000000a2520000, 0x00000000a252d740, 0x00000000a2540000)
  to   space 128K,   0% used [0x00000000a2500000, 0x00000000a2500000, 0x00000000a2520000)
 tenured generation   total 520960K, used 1650K [0x00000000c1800000, 0x00000000e14c0000, 0x0000000100000000)
   the space 520960K,   0% used [0x00000000c1800000, 0x00000000c199c898, 0x00000000c199ca00, 0x00000000e14c0000)
 Metaspace       used 4605K, capacity 5096K, committed 5248K, reserved 1056768K
  class space    used 496K, capacity 532K, committed 640K, reserved 1048576K
GC Heap History (10 events):
Event: 0.070 GC heap before
{Heap before GC invocations=0 (full 0):
 def new generation   total 1152K, used 1024K [0x00000000a2400000, 0x00000000a2540000, 0x00000000c1800000)
  eden space 1024K, 100% used [0x00000000a2400000, 0x00000000a2500000, 0x00000000a2500000)
  from space 128K,   0% used [0x00000000a2500000, 0x00000000a2500000, 0x00000000a2520000)
  to   space 128K,   0% used [0x00000000a2520000, 0x00000000a2520000, 0x00000000a2540000)
 tenured generation   total 520960K, used 0K [0x00000000c1800000, 0x00000000e14c0000, 0x0000000100000000)
   the space 520960K,   0% used [0x00000000c1800000, 0x00000000c1800000, 0x00000000c1800200, 0x00000000e14c0000)
 Metaspace       used 2444K, capacity 4480K, committed 4480K, reserved 1056768K
  class space    used 272K, capacity 384K, committed 384K, reserved 1048576K
Event: 0.071 GC heap after
Heap after GC invocations=1 (full 0):
 def new generation   total 1152K, used 128K [0x00000000a2400000, 0x00000000a2540000, 0x00000000c1800000)
  eden space 1024K,   0% used [0x00000000a2400000, 0x00000000a2400000, 0x00000000a2500000)
  from space 128K, 100% used [0x00000000a2520000, 0x00000000a2540000, 0x00000000a2540000)
  to   space 128K,   0% used [0x00000000a2500000, 0x00000000a2500000, 0x00000000a2520000)
 tenured generation   total 520960K, used 299K [0x00000000c1800000, 0x00000000e14c0000, 0x0000000100000000)
   the space 520960K,   0% used [0x00000000c1800000, 0x00000000c184aee8, 0x00000000c184b000, 0x00000000e14c0000)
 Metaspace       used 2444K, capacity 4480K, committed 4480K, reserved 1056768K
  class space    used 272K, capacity 384K, committed 384K, reserved 1048576K
}
Event: 0.092 GC heap before
{Heap before GC invocations=1 (full 0):
 def new generation   total 1152K, used 1151K [0x00000000a2400000, 0x00000000a2540000, 0x00000000c1800000)
  eden space 1024K,  99% used [0x00000000a2400000, 0x00000000a24ffc08, 0x00000000a2500000)
  from space 128K, 100% used [0x00000000a2520000, 0x00000000a2540000, 0x00000000a2540000)
  to   space 128K,   0% used [0x00000000a2500000, 0x00000000a2500000, 0x00000000a2520000)
 tenured generation   total 520960K, used 299K [0x00000000c1800000, 0x00000000e14c0000, 0x0000000100000000)
   the space 520960K,   0% used [0x00000000c1800000, 0x00000000c184aee8, 0x00000000c184b000, 0x00000000e14c0000)
 Metaspace       used 2628K, capacity 4480K, committed 4480K, reserved 1056768K
  class space    used 292K, capacity 384K, committed 384K, reserved 1048576K
Event: 0.093 GC heap after
Heap after GC invocations=2 (full 0):
 def new generation   total 1152K, used 128K [0x00000000a2400000, 0x00000000a2540000, 0x00000000c1800000)
  eden space 1024K,   0% used [0x00000000a2400000, 0x00000000a2400000, 0x00000000a2500000)
  from space 128K, 100% used [0x00000000a2500000, 0x00000000a2520000, 0x00000000a2520000)
  to   space 128K,   0% used [0x00000000a2520000, 0x00000000a2520000, 0x00000000a2540000)
 tenured generation   total 520960K, used 701K [0x00000000c1800000, 0x00000000e14c0000, 0x0000000100000000)
   the space 520960K,   0% used [0x00000000c1800000, 0x00000000c18af750, 0x00000000c18af800, 0x00000000e14c0000)
 Metaspace       used 2628K, capacity 4480K, committed 4480K, reserved 1056768K
  class space    used 292K, capacity 384K, committed 384K, reserved 1048576K
}
Event: 0.109 GC heap before
{Heap before GC invocations=2 (full 0):
 def new generation   total 1152K, used 1152K [0x00000000a2400000, 0x00000000a2540000, 0x00000000c1800000)
  eden space 1024K, 100% used [0x00000000a2400000, 0x00000000a2500000, 0x00000000a2500000)
  from space 128K, 100% used [0x00000000a2500000, 0x00000000a2520000, 0x00000000a2520000)
  to   space 128K,   0% used [0x00000000a2520000, 0x00000000a2520000, 0x00000000a2540000)
 tenured generation   total 520960K, used 701K [0x00000000c1800000, 0x00000000e14c0000, 0x0000000100000000)
   the space 520960K,   0% used [0x00000000c1800000, 0x00000000c18af750, 0x00000000c18af800, 0x00000000e14c0000)
 Metaspace       used 2666K, capacity 4480K, committed 4480K, reserved 1056768K
  class space    used 293K, capacity 384K, committed 384K, reserved 1048576K
Event: 0.109 GC heap after
Heap after GC invocations=3 (full 0):
 def new generation   total 1152K, used 128K [0x00000000a2400000, 0x00000000a2540000, 0x00000000c1800000)
  eden space 1024K,   0% used [0x00000000a2400000, 0x00000000a2400000, 0x00000000a2500000)
  from space 128K, 100% used [0x00000000a2520000, 0x00000000a2540000, 0x00000000a2540000)
  to   space 128K,   0% used [0x00000000a2500000, 0x00000000a2500000, 0x00000000a2520000)
 tenured generation   total 520960K, used 932K [0x00000000c1800000, 0x00000000e14c0000, 0x0000000100000000)
   the space 520960K,   0% used [0x00000000c1800000, 0x00000000c18e9380, 0x00000000c18e9400, 0x00000000e14c0000)
 Metaspace       used 2666K, capacity 4480K, committed 4480K, reserved 1056768K
  class space    used 293K, capacity 384K, committed 384K, reserved 1048576K
}
Event: 0.126 GC heap before
{Heap before GC invocations=3 (full 0):
 def new generation   total 1152K, used 1150K [0x00000000a2400000, 0x00000000a2540000, 0x00000000c1800000)
  eden space 1024K,  99% used [0x00000000a2400000, 0x00000000a24ff948, 0x00000000a2500000)
  from space 128K, 100% used [0x00000000a2520000, 0x00000000a2540000, 0x00000000a2540000)
  to   space 128K,   0% used [0x00000000a2500000, 0x00000000a2500000, 0x00000000a2520000)
 tenured generation   total 520960K, used 932K [0x00000000c1800000, 0x00000000e14c0000, 0x0000000100000000)
   the space 520960K,   0% used [0x00000000c1800000, 0x00000000c18e9380, 0x00000000c18e9400, 0x00000000e14c0000)
 Metaspace       used 2945K, capacity 4660K, committed 4864K, reserved 1056768K
  class space    used 319K, capacity 424K, committed 512K, reserved 1048576K
Event: 0.126 GC heap after
Heap after GC invocations=4 (full 0):
 def new generation   total 1152K, used 127K [0x00000000a2400000, 0x00000000a2540000, 0x00000000c1800000)
  eden space 1024K,   0% used [0x00000000a2400000, 0x00000000a2400000, 0x00000000a2500000)
  from space 128K,  99% used [0x00000000a2500000, 0x00000000a251fec8, 0x00000000a2520000)
  to   space 128K,   0% used [0x00000000a2520000, 0x00000000a2520000, 0x00000000a2540000)
 tenured generation   total 520960K, used 1122K [0x00000000c1800000, 0x00000000e14c0000, 0x0000000100000000)
   the space 520960K,   0% used [0x00000000c1800000, 0x00000000c1918830, 0x00000000c1918a00, 0x00000000e14c0000)
 Metaspace       used 2945K, capacity 4660K, committed 4864K, reserved 1056768K
  class space    used 319K, capacity 424K, committed 512K, reserved 1048576K
}
Event: 0.151 GC heap before
{Heap before GC invocations=4 (full 0):
 def new generation   total 1152K, used 1144K [0x00000000a2400000, 0x00000000a2540000, 0x00000000c1800000)
  eden space 1024K,  99% used [0x00000000a2400000, 0x00000000a24fe510, 0x00000000a2500000)
  from space 128K,  99% used [0x00000000a2500000, 0x00000000a251fec8, 0x00000000a2520000)
  to   space 128K,   0% used [0x00000000a2520000, 0x00000000a2520000, 0x00000000a2540000)
 tenured generation   total 520960K, used 1122K [0x00000000c1800000, 0x00000000e14c0000, 0x0000000100000000)
   the space 520960K,   0% used [0x00000000c1800000, 0x00000000c1918830, 0x00000000c1918a00, 0x00000000e14c0000)
 Metaspace       used 3902K, capacity 4828K, committed 5120K, reserved 1056768K
  class space    used 426K, capacity 464K, committed 512K, reserved 1048576K
Event: 0.152 GC heap after
Heap after GC invocations=5 (full 0):
 def new generation   total 1152K, used 128K [0x00000000a2400000, 0x00000000a2540000, 0x00000000c1800000)
  eden space 1024K,   0% used [0x00000000a2400000, 0x00000000a2400000, 0x00000000a2500000)
  from space 128K, 100% used [0x00000000a2520000, 0x00000000a2540000, 0x00000000a2540000)
  to   space 128K,   0% used [0x00000000a2500000, 0x00000000a2500000, 0x00000000a2520000)
 tenured generation   total 520960K, used 1290K [0x00000000c1800000, 0x00000000e14c0000, 0x0000000100000000)
   the space 520960K,   0% used [0x00000000c1800000, 0x00000000c19429f8, 0x00000000c1942a00, 0x00000000e14c0000)
 Metaspace       used 3902K, capacity 4828K, committed 5120K, reserved 1056768K
  class space    used 426K, capacity 464K, committed 512K, reserved 1048576K
}

